[INFO  - 2016-11-02T16:52:05.268Z] GhostDriver - Main - running on port 28552
[INFO  - 2016-11-02T16:52:06.187Z] Session [afca0f30-a11c-11e6-809c-85ed2da5dd4d] - page.settings - {"XSSAuditingEnabled":false,"javascriptCanCloseWindows":true,"javascriptCanOpenWindows":true,"javascriptEnabled":true,"loadImages":true,"localToRemoteUrlAccessEnabled":false,"userAgent":"Mozilla/5.0 (Windows NT 6.2; WOW64) AppleWebKit/538.1 (KHTML, like Gecko) PhantomJS/2.1.1 Safari/538.1","webSecurityEnabled":true}
[INFO  - 2016-11-02T16:52:06.187Z] Session [afca0f30-a11c-11e6-809c-85ed2da5dd4d] - page.customHeaders:  - {}
[INFO  - 2016-11-02T16:52:06.187Z] Session [afca0f30-a11c-11e6-809c-85ed2da5dd4d] - Session.negotiatedCapabilities - {"browserName":"phantomjs","version":"2.1.1","driverName":"ghostdriver","driverVersion":"1.2.0","platform":"windows-10-32bit","javascriptEnabled":true,"takesScreenshot":true,"handlesAlerts":false,"databaseEnabled":false,"locationContextEnabled":false,"applicationCacheEnabled":false,"browserConnectionEnabled":false,"cssSelectorsEnabled":true,"webStorageEnabled":false,"rotatable":false,"acceptSslCerts":false,"nativeEvents":true,"proxy":{"proxyType":"direct"}}
[INFO  - 2016-11-02T16:52:06.187Z] SessionManagerReqHand - _postNewSessionCommand - New Session Created: afca0f30-a11c-11e6-809c-85ed2da5dd4d
[INFO  - 2016-11-02T16:52:19.722Z] ShutdownReqHand - _handle - About to shutdown
[INFO  - 2016-11-02T16:59:52.439Z] GhostDriver - Main - running on port 6086
[INFO  - 2016-11-02T16:59:52.850Z] Session [c5f1a3d0-a11d-11e6-abe4-812aca9aa0eb] - page.settings - {"XSSAuditingEnabled":false,"javascriptCanCloseWindows":true,"javascriptCanOpenWindows":true,"javascriptEnabled":true,"loadImages":true,"localToRemoteUrlAccessEnabled":false,"userAgent":"Mozilla/5.0 (Windows NT 6.2; WOW64) AppleWebKit/538.1 (KHTML, like Gecko) PhantomJS/2.1.1 Safari/538.1","webSecurityEnabled":true}
[INFO  - 2016-11-02T16:59:52.851Z] Session [c5f1a3d0-a11d-11e6-abe4-812aca9aa0eb] - page.customHeaders:  - {}
[INFO  - 2016-11-02T16:59:52.852Z] Session [c5f1a3d0-a11d-11e6-abe4-812aca9aa0eb] - Session.negotiatedCapabilities - {"browserName":"phantomjs","version":"2.1.1","driverName":"ghostdriver","driverVersion":"1.2.0","platform":"windows-10-32bit","javascriptEnabled":true,"takesScreenshot":true,"handlesAlerts":false,"databaseEnabled":false,"locationContextEnabled":false,"applicationCacheEnabled":false,"browserConnectionEnabled":false,"cssSelectorsEnabled":true,"webStorageEnabled":false,"rotatable":false,"acceptSslCerts":false,"nativeEvents":true,"proxy":{"proxyType":"direct"}}
[INFO  - 2016-11-02T16:59:52.852Z] SessionManagerReqHand - _postNewSessionCommand - New Session Created: c5f1a3d0-a11d-11e6-abe4-812aca9aa0eb
[INFO  - 2016-11-02T17:00:00.855Z] ShutdownReqHand - _handle - About to shutdown
[INFO  - 2016-11-02T17:03:26.641Z] GhostDriver - Main - running on port 32135
[INFO  - 2016-11-02T17:03:26.907Z] Session [45882560-a11e-11e6-9ada-718f217a4de0] - page.settings - {"XSSAuditingEnabled":false,"javascriptCanCloseWindows":true,"javascriptCanOpenWindows":true,"javascriptEnabled":true,"loadImages":true,"localToRemoteUrlAccessEnabled":false,"userAgent":"Mozilla/5.0 (Windows NT 6.2; WOW64) AppleWebKit/538.1 (KHTML, like Gecko) PhantomJS/2.1.1 Safari/538.1","webSecurityEnabled":true}
[INFO  - 2016-11-02T17:03:26.907Z] Session [45882560-a11e-11e6-9ada-718f217a4de0] - page.customHeaders:  - {}
[INFO  - 2016-11-02T17:03:26.908Z] Session [45882560-a11e-11e6-9ada-718f217a4de0] - Session.negotiatedCapabilities - {"browserName":"phantomjs","version":"2.1.1","driverName":"ghostdriver","driverVersion":"1.2.0","platform":"windows-10-32bit","javascriptEnabled":true,"takesScreenshot":true,"handlesAlerts":false,"databaseEnabled":false,"locationContextEnabled":false,"applicationCacheEnabled":false,"browserConnectionEnabled":false,"cssSelectorsEnabled":true,"webStorageEnabled":false,"rotatable":false,"acceptSslCerts":false,"nativeEvents":true,"proxy":{"proxyType":"direct"}}
[INFO  - 2016-11-02T17:03:26.908Z] SessionManagerReqHand - _postNewSessionCommand - New Session Created: 45882560-a11e-11e6-9ada-718f217a4de0
[INFO  - 2016-11-02T17:03:34.768Z] ShutdownReqHand - _handle - About to shutdown
[INFO  - 2016-11-09T15:41:12.044Z] GhostDriver - Main - running on port 26828
[INFO  - 2016-11-09T15:41:13.007Z] Session [f1966460-a692-11e6-9a63-6bc359edce3d] - page.settings - {"XSSAuditingEnabled":false,"javascriptCanCloseWindows":true,"javascriptCanOpenWindows":true,"javascriptEnabled":true,"loadImages":true,"localToRemoteUrlAccessEnabled":false,"userAgent":"Mozilla/5.0 (Windows NT 6.2; WOW64) AppleWebKit/538.1 (KHTML, like Gecko) PhantomJS/2.1.1 Safari/538.1","webSecurityEnabled":true}
[INFO  - 2016-11-09T15:41:13.007Z] Session [f1966460-a692-11e6-9a63-6bc359edce3d] - page.customHeaders:  - {}
[INFO  - 2016-11-09T15:41:13.007Z] Session [f1966460-a692-11e6-9a63-6bc359edce3d] - Session.negotiatedCapabilities - {"browserName":"phantomjs","version":"2.1.1","driverName":"ghostdriver","driverVersion":"1.2.0","platform":"windows-10-32bit","javascriptEnabled":true,"takesScreenshot":true,"handlesAlerts":false,"databaseEnabled":false,"locationContextEnabled":false,"applicationCacheEnabled":false,"browserConnectionEnabled":false,"cssSelectorsEnabled":true,"webStorageEnabled":false,"rotatable":false,"acceptSslCerts":false,"nativeEvents":true,"proxy":{"proxyType":"direct"}}
[INFO  - 2016-11-09T15:41:13.007Z] SessionManagerReqHand - _postNewSessionCommand - New Session Created: f1966460-a692-11e6-9a63-6bc359edce3d
[INFO  - 2016-11-09T15:41:22.623Z] ShutdownReqHand - _handle - About to shutdown
[INFO  - 2017-01-25T15:57:03.473Z] GhostDriver - Main - running on port 41410
[INFO  - 2017-01-25T15:57:03.821Z] ShutdownReqHand - _handle - About to shutdown
[INFO  - 2017-01-25T15:57:26.518Z] GhostDriver - Main - running on port 37692
[INFO  - 2017-01-25T15:57:26.781Z] Session [f7cfb870-e316-11e6-9063-5df730936fb8] - page.settings - {"XSSAuditingEnabled":false,"javascriptCanCloseWindows":true,"javascriptCanOpenWindows":true,"javascriptEnabled":true,"loadImages":true,"localToRemoteUrlAccessEnabled":false,"userAgent":"Mozilla/5.0 (Windows NT 6.2; WOW64) AppleWebKit/538.1 (KHTML, like Gecko) PhantomJS/2.1.1 Safari/538.1","webSecurityEnabled":true}
[INFO  - 2017-01-25T15:57:26.781Z] Session [f7cfb870-e316-11e6-9063-5df730936fb8] - page.customHeaders:  - {}
[INFO  - 2017-01-25T15:57:26.781Z] Session [f7cfb870-e316-11e6-9063-5df730936fb8] - Session.negotiatedCapabilities - {"browserName":"phantomjs","version":"2.1.1","driverName":"ghostdriver","driverVersion":"1.2.0","platform":"windows-10-32bit","javascriptEnabled":true,"takesScreenshot":true,"handlesAlerts":false,"databaseEnabled":false,"locationContextEnabled":false,"applicationCacheEnabled":false,"browserConnectionEnabled":false,"cssSelectorsEnabled":true,"webStorageEnabled":false,"rotatable":false,"acceptSslCerts":false,"nativeEvents":true,"proxy":{"proxyType":"direct"}}
[INFO  - 2017-01-25T15:57:26.782Z] SessionManagerReqHand - _postNewSessionCommand - New Session Created: f7cfb870-e316-11e6-9063-5df730936fb8
[INFO  - 2017-01-25T16:02:26.849Z] SessionManagerReqHand - _cleanupWindowlessSessions - Asynchronous Sessions clean-up phase starting NOW
[INFO  - 2017-01-25T16:07:26.859Z] SessionManagerReqHand - _cleanupWindowlessSessions - Asynchronous Sessions clean-up phase starting NOW
scriptEnabled":true,"loadImages":true,"localToRemoteUrlAccessEnabled":false,"userAgent":"Mozilla/5.0 (Windows NT 6.2; WOW64) AppleWebKit/538.1 (KHTML, like Gecko) PhantomJS/2.1.1 Safari/538.1","webSecurityEnabled":true}
[INFO  - 2017-01-25T15:58:35.491Z] Session [20c3bab0-e317-11e6-b9ca-adf79810ca63] - page.customHeaders:  - {}
[INFO  - 2017-01-25T15:58:35.491Z] Session [20c3bab0-e317-11e6-b9ca-adf79810ca63] - Session.negotiatedCapabilities - {"browserName":"phantomjs","version":"2.1.1","driverName":"ghostdriver","driverVersion":"1.2.0","platform":"windows-10-32bit","javascriptEnabled":true,"takesScreenshot":true,"handlesAlerts":false,"databaseEnabled":false,"locationContextEnabled":false,"applicationCacheEnabled":false,"browserConnectionEnabled":false,"cssSelectorsEnabled":true,"webStorageEnabled":false,"rotatable":false,"acceptSslCerts":false,"nativeEvents":true,"proxy":{"proxyType":"direct"}}
[INFO  - 2017-01-25T15:58:35.491Z] SessionManagerReqHand - _postNewSessionCommand - New Session Created: 20c3bab0-e317-11e6-b9ca-adf79810ca63
[INFO  - 2017-01-25T15:59:40.707Z] ShutdownReqHand - _handle - About to shutdown
[INFO  - 2017-01-25T15:59:42.544Z] GhostDriver - Main - running on port 41958
[INFO  - 2017-01-25T15:59:42.761Z] Session [48d79620-e317-11e6-833d-f557aa8ded7b] - page.settings - {"XSSAuditingEnabled":false,"javascriptCanCloseWindows":true,"javascriptCanOpenWindows":true,"javascriptEnabled":true,"loadImages":true,"localToRemoteUrlAccessEnabled":false,"userAgent":"Mozilla/5.0 (Windows NT 6.2; WOW64) AppleWebKit/538.1 (KHTML, like Gecko) PhantomJS/2.1.1 Safari/538.1","webSecurityEnabled":true}
[INFO  - 2017-01-25T15:59:42.761Z] Session [48d79620-e317-11e6-833d-f557aa8ded7b] - page.customHeaders:  - {}
[INFO  - 2017-01-25T15:59:42.761Z] Session [48d79620-e317-11e6-833d-f557aa8ded7b] - Session.negotiatedCapabilities - {"browserName":"phantomjs","version":"2.1.1","driverName":"ghostdriver","driverVersion":"1.2.0","platform":"windows-10-32bit","javascriptEnabled":true,"takesScreenshot":true,"handlesAlerts":false,"databaseEnabled":false,"locationContextEnabled":false,"applicationCacheEnabled":false,"browserConnectionEnabled":false,"cssSelectorsEnabled":true,"webStorageEnabled":false,"rotatable":false,"acceptSslCerts":false,"nativeEvents":true,"proxy":{"proxyType":"direct"}}
[INFO  - 2017-01-25T15:59:42.762Z] SessionManagerReqHand - _postNewSessionCommand - New Session Created: 48d79620-e317-11e6-833d-f557aa8ded7b
[INFO  - 2017-01-25T15:59:43.792Z] ShutdownReqHand - _handle - About to shutdown
